[     456ms] [LOG] [Fast Refresh] rebuilding @ webpack-internal:///(app-pages-browser)/./node_modules/next/dist/client/components/react-dev-overlay/app/hot-reloader-client.js:186
[    1477ms] [LOG] [Fast Refresh] done in 1022ms @ webpack-internal:///(app-pages-browser)/./node_modules/next/dist/client/components/react-dev-overlay/app/hot-reloader-client.js:43
[    2471ms] [INFO] %cDownload the React DevTools for a better development experience: https://reactjs.org/link/react-devtools font-weight:bold @ webpack-internal:///(app-pages-browser)/./node_modules/next/dist/compiled/react-dom/cjs/react-dom.development.js:38559
[    4496ms] [LOG] [CSM][I]Live2D Cubism Core version: 05.01.0000 (83951616)
 @ webpack-internal:///(app-pages-browser)/./node_modules/pixi-live2d-display/dist/cubism4.es.js:1611
[    4497ms] [LOG] [CSM][I]CubismFramework.startUp() is complete.
 @ webpack-internal:///(app-pages-browser)/./node_modules/pixi-live2d-display/dist/cubism4.es.js:1611
[    4497ms] [LOG] [CSM][I]CubismFramework.initialize() is complete.
 @ webpack-internal:///(app-pages-browser)/./node_modules/pixi-live2d-display/dist/cubism4.es.js:1611
[    4499ms] [WARNING]     at Cubism4ModelSettings.resolveURL (webpack-internal:///(app-pages-browser)/./node_modules/pixi-live2d-display/dist/cubism4.es.js:8254:62)
    at eval (webpack-internal:///(app-pages-browser)/./node_modules/pixi-live2d-display/dist/cubism4.es.js:9336:38)
    at Array.map (<anonymous>)
    at eval (webpack-internal:///(app-pages-browser)/./node_modules/pixi-live2d-display/dist/cubism4.es.js:9335:33)
    at Generator.next (<anonymous>)
    at eval (webpack-internal:///(app-pages-browser)/./node_modules/pixi-live2d-display/dist/cubism4.es.js:187:61)
    at new Promise (<anonymous>)
    at __async (webpack-internal:///(app-pages-browser)/./node_modules/pixi-live2d-display/dist/cubism4.es.js:171:10)
    at setupEssentials (webpack-internal:///(app-pages-browser)/./node_modules/pixi-live2d-display/dist/cubism4.es.js:9331:44)
    at dispatch (webpack-internal:///(app-pages-browser)/./node_modules/pixi-live2d-display/dist/cubism4.es.js:9195:30)
    at eval (webpack-internal:///(app-pages-browser)/./node_modules/pixi-live2d-display/dist/cubism4.es.js:9283:9)
    at Generator.next (<anonymous>)
    at eval (webpack-internal:///(app-pages-browser)/./node_modules/pixi-live2d-display/dist/cubism4.es.js:187:61)
    at new Promise (<anonymous>)
    at __async (webpack-internal:///(app-pages-browser)/./node_modules/pixi-live2d-display/dist/cubism4.es.js:171:10)
    at setupOptionals (webpack-internal:///(app-pages-browser)/./node_modules/pixi-live2d-display/dist/cubism4.es.js:9282:43)
    at dispatch (webpack-internal:///(app-pages-browser)/./node_modules/pixi-live2d-display/dist/cubism4.es.js:9195:30) @ webpack-internal:///(app-pages-browser)/./node_modules/@pixi/utils/lib/logging/deprecation.mjs:18
[    4598ms] [LOG] Live2D Cubism SDK Core Version 5.1.0 @ https://cubism.live2d.com/sdk-web/cubismcore/live2dcubismcore.min.js:8
[    4881ms] [LOG] Live2D Cubism SDK Core Version 5.1.0 @ https://cubism.live2d.com/sdk-web/cubismcore/live2dcubismcore.min.js:8
[    5078ms] [LOG] Bella Live2D Loaded: /live2d/bella/bella.model3.json @ webpack-internal:///(app-pages-browser)/./components/bella/BellaPresence.tsx:313
[    5089ms] [LOG] Bella Live2D Loaded: /live2d/bella/bella.model3.json @ webpack-internal:///(app-pages-browser)/./components/bella/BellaPresence.tsx:313
[  628772ms] [ERROR] Failed to load resource: the server responded with a status of 500 (Internal Server Error) @ http://localhost:8000/api/v1/bella/tts:0
[ 5040103ms] [ERROR] Failed to load resource: net::ERR_CONNECTION_REFUSED @ http://localhost:3000/?_rsc=13xl7:0
[ 5040106ms] [ERROR] Failed to fetch RSC payload for http://localhost:3000/. Falling back to browser navigation. TypeError: Failed to fetch
    at fetchServerResponse (webpack-internal:///(app-pages-browser)/./node_modules/next/dist/client/components/router-reducer/fetch-server-response.js:57:27)
    at eval (webpack-internal:///(app-pages-browser)/./node_modules/next/dist/client/components/router-reducer/prefetch-cache-utils.js:136:106)
    at Object.task (webpack-internal:///(app-pages-browser)/./node_modules/next/dist/client/components/promise-queue.js:30:38)
    at PromiseQueue.processNext (webpack-internal:///(app-pages-browser)/./node_modules/next/dist/client/components/promise-queue.js:81:186)
    at PromiseQueue.enqueue (webpack-internal:///(app-pages-browser)/./node_modules/next/dist/client/components/promise-queue.js:45:76)
    at createLazyPrefetchEntry (webpack-internal:///(app-pages-browser)/./node_modules/next/dist/client/components/router-reducer/prefetch-cache-utils.js:136:49)
    at getOrCreatePrefetchCacheEntry (webpack-internal:///(app-pages-browser)/./node_modules/next/dist/client/components/router-reducer/prefetch-cache-utils.js:87:12)
    at navigateReducer_noPPR (webpack-internal:///(app-pages-browser)/./node_modules/next/dist/client/components/router-reducer/reducers/navigate-reducer.js:102:82)
    at clientReducer (webpack-internal:///(app-pages-browser)/./node_modules/next/dist/client/components/router-reducer/router-reducer.js:25:61)
    at Object.action (webpack-internal:///(app-pages-browser)/./node_modules/next/dist/shared/lib/router/action-queue.js:150:55)
    at runAction (webpack-internal:///(app-pages-browser)/./node_modules/next/dist/shared/lib/router/action-queue.js:56:38)
    at dispatchAction (webpack-internal:///(app-pages-browser)/./node_modules/next/dist/shared/lib/router/action-queue.js:113:9)
    at Object.dispatch (webpack-internal:///(app-pages-browser)/./node_modules/next/dist/shared/lib/router/action-queue.js:145:40)
    at eval (webpack-internal:///(app-pages-browser)/./node_modules/next/dist/client/components/use-reducer-with-devtools.js:130:21)
    at eval (webpack-internal:///(app-pages-browser)/./node_modules/next/dist/client/components/app-router.js:159:16)
    at eval (webpack-internal:///(app-pages-browser)/./node_modules/next/dist/client/components/app-router.js:282:21)
    at startTransition (webpack-internal:///(app-pages-browser)/./node_modules/next/dist/compiled/react/cjs/react.development.js:2597:25)
    at Object.push (webpack-internal:///(app-pages-browser)/./node_modules/next/dist/client/components/app-router.js:280:44)
    at navigate (webpack-internal:///(app-pages-browser)/./node_modules/next/dist/client/link.js:86:49)
    at Object.startTransition (webpack-internal:///(app-pages-browser)/./node_modules/next/dist/compiled/react/cjs/react.development.js:2597:25)
    at linkClicked (webpack-internal:///(app-pages-browser)/./node_modules/next/dist/client/link.js:92:24)
    at onClick (webpack-internal:///(app-pages-browser)/./node_modules/next/dist/client/link.js:356:13)
    at HTMLUnknownElement.callCallback (webpack-internal:///(app-pages-browser)/./node_modules/next/dist/compiled/react-dom/cjs/react-dom.development.js:20565:14)
    at Object.invokeGuardedCallbackImpl (webpack-internal:///(app-pages-browser)/./node_modules/next/dist/compiled/react-dom/cjs/react-dom.development.js:20614:16)
    at invokeGuardedCallback (webpack-internal:///(app-pages-browser)/./node_modules/next/dist/compiled/react-dom/cjs/react-dom.development.js:20689:29)
    at invokeGuardedCallbackAndCatchFirstError (webpack-internal:///(app-pages-browser)/./node_modules/next/dist/compiled/react-dom/cjs/react-dom.development.js:20703:25)
    at executeDispatch (webpack-internal:///(app-pages-browser)/./node_modules/next/dist/compiled/react-dom/cjs/react-dom.development.js:32128:3)
    at processDispatchQueueItemsInOrder (webpack-internal:///(app-pages-browser)/./node_modules/next/dist/compiled/react-dom/cjs/react-dom.development.js:32160:7)
    at processDispatchQueue (webpack-internal:///(app-pages-browser)/./node_modules/next/dist/compiled/react-dom/cjs/react-dom.development.js:32173:5)
    at dispatchEventsForPlugins (webpack-internal:///(app-pages-browser)/./node_modules/next/dist/compiled/react-dom/cjs/react-dom.development.js:32184:3)
    at eval (webpack-internal:///(app-pages-browser)/./node_modules/next/dist/compiled/react-dom/cjs/react-dom.development.js:32374:12)
    at batchedUpdates$1 (webpack-internal:///(app-pages-browser)/./node_modules/next/dist/compiled/react-dom/cjs/react-dom.development.js:24953:12)
    at batchedUpdates (webpack-internal:///(app-pages-browser)/./node_modules/next/dist/compiled/react-dom/cjs/react-dom.development.js:28844:12)
    at dispatchEventForPluginEventSystem (webpack-internal:///(app-pages-browser)/./node_modules/next/dist/compiled/react-dom/cjs/react-dom.development.js:32373:3)
    at dispatchEvent (webpack-internal:///(app-pages-browser)/./node_modules/next/dist/compiled/react-dom/cjs/react-dom.development.js:30141:5)
    at dispatchDiscreteEvent (webpack-internal:///(app-pages-browser)/./node_modules/next/dist/compiled/react-dom/cjs/react-dom.development.js:30112:5) @ webpack-internal:///(app-pages-browser)/./node_modules/next/dist/client/app-index.js:32
