[     250ms] [LOG] [Fast Refresh] rebuilding @ webpack-internal:///(app-pages-browser)/./node_modules/next/dist/client/components/react-dev-overlay/app/hot-reloader-client.js:186
[    1878ms] [LOG] [Fast Refresh] done in 1629ms @ webpack-internal:///(app-pages-browser)/./node_modules/next/dist/client/components/react-dev-overlay/app/hot-reloader-client.js:43
[    1894ms] [WARNING] [Fast Refresh] performing full reload

Fast Refresh will perform a full reload when you edit a file that's imported by modules outside of the React rendering tree.
You might have a file which exports a React component but also exports a value that is imported by a non-React component file.
Consider migrating the non-React component export to a separate file and importing it into both files.

It is also possible the parent component of the component you edited is a class component, which disables Fast Refresh.
Fast Refresh requires at least one parent function component in your React tree. @ webpack-internal:///(app-pages-browser)/./node_modules/next/dist/client/components/react-dev-overlay/app/hot-reloader-client.js:112
[    3138ms] [INFO] %cDownload the React DevTools for a better development experience: https://reactjs.org/link/react-devtools font-weight:bold @ webpack-internal:///(app-pages-browser)/./node_modules/next/dist/compiled/react-dom/cjs/react-dom.development.js:38559
[    5495ms] [LOG] [CSM][I]Live2D Cubism Core version: 05.01.0000 (83951616)
 @ webpack-internal:///(app-pages-browser)/./node_modules/pixi-live2d-display/dist/cubism4.es.js:1611
[    5496ms] [LOG] [CSM][I]CubismFramework.startUp() is complete.
 @ webpack-internal:///(app-pages-browser)/./node_modules/pixi-live2d-display/dist/cubism4.es.js:1611
[    5496ms] [LOG] [CSM][I]CubismFramework.initialize() is complete.
 @ webpack-internal:///(app-pages-browser)/./node_modules/pixi-live2d-display/dist/cubism4.es.js:1611
[    5497ms] [WARNING]     at Cubism4ModelSettings.resolveURL (webpack-internal:///(app-pages-browser)/./node_modules/pixi-live2d-display/dist/cubism4.es.js:8254:62)
    at eval (webpack-internal:///(app-pages-browser)/./node_modules/pixi-live2d-display/dist/cubism4.es.js:9336:38)
    at Array.map (<anonymous>)
    at eval (webpack-internal:///(app-pages-browser)/./node_modules/pixi-live2d-display/dist/cubism4.es.js:9335:33)
    at Generator.next (<anonymous>)
    at eval (webpack-internal:///(app-pages-browser)/./node_modules/pixi-live2d-display/dist/cubism4.es.js:187:61)
    at new Promise (<anonymous>)
    at __async (webpack-internal:///(app-pages-browser)/./node_modules/pixi-live2d-display/dist/cubism4.es.js:171:10)
    at setupEssentials (webpack-internal:///(app-pages-browser)/./node_modules/pixi-live2d-display/dist/cubism4.es.js:9331:44)
    at dispatch (webpack-internal:///(app-pages-browser)/./node_modules/pixi-live2d-display/dist/cubism4.es.js:9195:30)
    at eval (webpack-internal:///(app-pages-browser)/./node_modules/pixi-live2d-display/dist/cubism4.es.js:9283:9)
    at Generator.next (<anonymous>)
    at eval (webpack-internal:///(app-pages-browser)/./node_modules/pixi-live2d-display/dist/cubism4.es.js:187:61)
    at new Promise (<anonymous>)
    at __async (webpack-internal:///(app-pages-browser)/./node_modules/pixi-live2d-display/dist/cubism4.es.js:171:10)
    at setupOptionals (webpack-internal:///(app-pages-browser)/./node_modules/pixi-live2d-display/dist/cubism4.es.js:9282:43)
    at dispatch (webpack-internal:///(app-pages-browser)/./node_modules/pixi-live2d-display/dist/cubism4.es.js:9195:30) @ webpack-internal:///(app-pages-browser)/./node_modules/@pixi/utils/lib/logging/deprecation.mjs:18
[    5605ms] [LOG] Live2D Cubism SDK Core Version 5.1.0 @ https://cubism.live2d.com/sdk-web/cubismcore/live2dcubismcore.min.js:8
[    5824ms] [LOG] Live2D Cubism SDK Core Version 5.1.0 @ https://cubism.live2d.com/sdk-web/cubismcore/live2dcubismcore.min.js:8
[    5903ms] [LOG] Bella Live2D Loaded: /live2d/bella/bella.model3.json @ webpack-internal:///(app-pages-browser)/./components/bella/BellaPresence.tsx:313
[    5913ms] [LOG] Bella Live2D Loaded: /live2d/bella/bella.model3.json @ webpack-internal:///(app-pages-browser)/./components/bella/BellaPresence.tsx:313
