[    9384ms] [INFO] %cDownload the React DevTools for a better development experience: https://reactjs.org/link/react-devtools font-weight:bold @ webpack-internal:///(app-pages-browser)/./node_modules/next/dist/compiled/react-dom/cjs/react-dom.development.js:38559
[   12043ms] [LOG] [CSM][I]Live2D Cubism Core version: 05.01.0000 (83951616)
 @ webpack-internal:///(app-pages-browser)/./node_modules/pixi-live2d-display/dist/cubism4.es.js:1611
[   12044ms] [LOG] [CSM][I]CubismFramework.startUp() is complete.
 @ webpack-internal:///(app-pages-browser)/./node_modules/pixi-live2d-display/dist/cubism4.es.js:1611
[   12049ms] [LOG] [CSM][I]CubismFramework.initialize() is complete.
 @ webpack-internal:///(app-pages-browser)/./node_modules/pixi-live2d-display/dist/cubism4.es.js:1611
[   12074ms] [WARNING]     at Cubism4ModelSettings.resolveURL (webpack-internal:///(app-pages-browser)/./node_modules/pixi-live2d-display/dist/cubism4.es.js:8254:62)
    at eval (webpack-internal:///(app-pages-browser)/./node_modules/pixi-live2d-display/dist/cubism4.es.js:9336:38)
    at Array.map (<anonymous>)
    at eval (webpack-internal:///(app-pages-browser)/./node_modules/pixi-live2d-display/dist/cubism4.es.js:9335:33)
    at Generator.next (<anonymous>)
    at eval (webpack-internal:///(app-pages-browser)/./node_modules/pixi-live2d-display/dist/cubism4.es.js:187:61)
    at new Promise (<anonymous>)
    at __async (webpack-internal:///(app-pages-browser)/./node_modules/pixi-live2d-display/dist/cubism4.es.js:171:10)
    at setupEssentials (webpack-internal:///(app-pages-browser)/./node_modules/pixi-live2d-display/dist/cubism4.es.js:9331:44)
    at dispatch (webpack-internal:///(app-pages-browser)/./node_modules/pixi-live2d-display/dist/cubism4.es.js:9195:30)
    at eval (webpack-internal:///(app-pages-browser)/./node_modules/pixi-live2d-display/dist/cubism4.es.js:9283:9)
    at Generator.next (<anonymous>)
    at eval (webpack-internal:///(app-pages-browser)/./node_modules/pixi-live2d-display/dist/cubism4.es.js:187:61)
    at new Promise (<anonymous>)
    at __async (webpack-internal:///(app-pages-browser)/./node_modules/pixi-live2d-display/dist/cubism4.es.js:171:10)
    at setupOptionals (webpack-internal:///(app-pages-browser)/./node_modules/pixi-live2d-display/dist/cubism4.es.js:9282:43)
    at dispatch (webpack-internal:///(app-pages-browser)/./node_modules/pixi-live2d-display/dist/cubism4.es.js:9195:30) @ webpack-internal:///(app-pages-browser)/./node_modules/@pixi/utils/lib/logging/deprecation.mjs:18
[   12319ms] [LOG] Live2D Cubism SDK Core Version 5.1.0 @ https://cubism.live2d.com/sdk-web/cubismcore/live2dcubismcore.min.js:8
[   12635ms] [LOG] Live2D Cubism SDK Core Version 5.1.0 @ https://cubism.live2d.com/sdk-web/cubismcore/live2dcubismcore.min.js:8
[   12766ms] [LOG] Bella Live2D Loaded: /live2d/bella/bella.model3.json @ webpack-internal:///(app-pages-browser)/./components/bella/BellaPresence.tsx:313
[   12778ms] [LOG] Bella Live2D Loaded: /live2d/bella/bella.model3.json @ webpack-internal:///(app-pages-browser)/./components/bella/BellaPresence.tsx:313
